  [1m[35m (2.5ms)[0m  [1m[35mCREATE DATABASE "houses_development" ENCODING = 'unicode'[0m
  ↳ /Users/flagpuppy/.rvm/gems/ruby-2.5.1/gems/rake-12.3.2/lib/rake/task.rb:273
  [1m[35m (2.2ms)[0m  [1m[35mCREATE DATABASE "houses_test" ENCODING = 'unicode'[0m
  ↳ /Users/flagpuppy/.rvm/gems/ruby-2.5.1/gems/rake-12.3.2/lib/rake/task.rb:273
  [1m[35m (29.9ms)[0m  [1m[35mCREATE TABLE "schema_migrations" ("version" character varying NOT NULL PRIMARY KEY)[0m
  ↳ /Users/flagpuppy/.rvm/gems/ruby-2.5.1/gems/rake-12.3.2/lib/rake/task.rb:273
  [1m[35m (30.4ms)[0m  [1m[35mCREATE TABLE "ar_internal_metadata" ("key" character varying NOT NULL PRIMARY KEY, "value" character varying, "created_at" timestamp NOT NULL, "updated_at" timestamp NOT NULL)[0m
  ↳ /Users/flagpuppy/.rvm/gems/ruby-2.5.1/gems/rake-12.3.2/lib/rake/task.rb:273
  [1m[35m (1.0ms)[0m  [1m[34mSELECT pg_try_advisory_lock(4203973537116612945)[0m
  ↳ /Users/flagpuppy/.rvm/gems/ruby-2.5.1/gems/rake-12.3.2/lib/rake/task.rb:273
  [1m[35m (1.2ms)[0m  [1m[34mSELECT "schema_migrations"."version" FROM "schema_migrations" ORDER BY "schema_migrations"."version" ASC[0m
  ↳ /Users/flagpuppy/.rvm/gems/ruby-2.5.1/gems/rake-12.3.2/lib/rake/task.rb:273
Migrating to Person (20190405214205)
  [1m[35m (0.2ms)[0m  [1m[35mBEGIN[0m
  ↳ /Users/flagpuppy/.rvm/gems/ruby-2.5.1/gems/rake-12.3.2/lib/rake/task.rb:273
  [1m[35m (88.7ms)[0m  [1m[35mCREATE TABLE "people" ("id" bigserial primary key, "name" character varying NOT NULL, "house_id" character varying NOT NULL, "created_at" timestamp NOT NULL, "updated_at" timestamp NOT NULL)[0m
  ↳ db/migrate/20190405214205_person.rb:3
  [1m[36mActiveRecord::SchemaMigration Create (2.4ms)[0m  [1m[32mINSERT INTO "schema_migrations" ("version") VALUES ($1) RETURNING "version"[0m  [["version", "20190405214205"]]
  ↳ /Users/flagpuppy/.rvm/gems/ruby-2.5.1/gems/rake-12.3.2/lib/rake/task.rb:273
  [1m[35m (0.6ms)[0m  [1m[35mCOMMIT[0m
  ↳ /Users/flagpuppy/.rvm/gems/ruby-2.5.1/gems/rake-12.3.2/lib/rake/task.rb:273
Migrating to House (20190405214225)
  [1m[35m (29.6ms)[0m  [1m[35mBEGIN[0m
  ↳ /Users/flagpuppy/.rvm/gems/ruby-2.5.1/gems/rake-12.3.2/lib/rake/task.rb:273
  [1m[35m (0.3ms)[0m  [1m[31mROLLBACK[0m
  ↳ /Users/flagpuppy/.rvm/gems/ruby-2.5.1/gems/rake-12.3.2/lib/rake/task.rb:273
  [1m[35m (0.3ms)[0m  [1m[34mSELECT pg_advisory_unlock(4203973537116612945)[0m
  ↳ /Users/flagpuppy/.rvm/gems/ruby-2.5.1/gems/rake-12.3.2/lib/rake/task.rb:273
  [1m[35m (0.3ms)[0m  [1m[34mSELECT pg_try_advisory_lock(4203973537116612945)[0m
  ↳ /Users/flagpuppy/.rvm/gems/ruby-2.5.1/gems/rake-12.3.2/lib/rake/task.rb:273
  [1m[35m (2.2ms)[0m  [1m[34mSELECT "schema_migrations"."version" FROM "schema_migrations" ORDER BY "schema_migrations"."version" ASC[0m
  ↳ /Users/flagpuppy/.rvm/gems/ruby-2.5.1/gems/rake-12.3.2/lib/rake/task.rb:273
Migrating to House (20190405214225)
  [1m[35m (0.4ms)[0m  [1m[35mBEGIN[0m
  ↳ /Users/flagpuppy/.rvm/gems/ruby-2.5.1/gems/rake-12.3.2/lib/rake/task.rb:273
  [1m[35m (54.8ms)[0m  [1m[35mCREATE TABLE "houses" ("id" bigserial primary key, "address" character varying NOT NULL, "created_at" timestamp NOT NULL, "updated_at" timestamp NOT NULL)[0m
  ↳ db/migrate/20190405214225_house.rb:3
  [1m[36mActiveRecord::SchemaMigration Create (0.7ms)[0m  [1m[32mINSERT INTO "schema_migrations" ("version") VALUES ($1) RETURNING "version"[0m  [["version", "20190405214225"]]
  ↳ /Users/flagpuppy/.rvm/gems/ruby-2.5.1/gems/rake-12.3.2/lib/rake/task.rb:273
  [1m[35m (0.8ms)[0m  [1m[35mCOMMIT[0m
  ↳ /Users/flagpuppy/.rvm/gems/ruby-2.5.1/gems/rake-12.3.2/lib/rake/task.rb:273
  [1m[36mActiveRecord::InternalMetadata Load (0.7ms)[0m  [1m[34mSELECT  "ar_internal_metadata".* FROM "ar_internal_metadata" WHERE "ar_internal_metadata"."key" = $1 LIMIT $2[0m  [["key", "environment"], ["LIMIT", 1]]
  ↳ /Users/flagpuppy/.rvm/gems/ruby-2.5.1/gems/rake-12.3.2/lib/rake/task.rb:273
  [1m[35m (0.2ms)[0m  [1m[35mBEGIN[0m
  ↳ /Users/flagpuppy/.rvm/gems/ruby-2.5.1/gems/rake-12.3.2/lib/rake/task.rb:273
  [1m[36mActiveRecord::InternalMetadata Create (1.0ms)[0m  [1m[32mINSERT INTO "ar_internal_metadata" ("key", "value", "created_at", "updated_at") VALUES ($1, $2, $3, $4) RETURNING "key"[0m  [["key", "environment"], ["value", "development"], ["created_at", "2019-04-05 22:11:49.824078"], ["updated_at", "2019-04-05 22:11:49.824078"]]
  ↳ /Users/flagpuppy/.rvm/gems/ruby-2.5.1/gems/rake-12.3.2/lib/rake/task.rb:273
  [1m[35m (0.4ms)[0m  [1m[35mCOMMIT[0m
  ↳ /Users/flagpuppy/.rvm/gems/ruby-2.5.1/gems/rake-12.3.2/lib/rake/task.rb:273
  [1m[35m (0.3ms)[0m  [1m[34mSELECT pg_advisory_unlock(4203973537116612945)[0m
  ↳ /Users/flagpuppy/.rvm/gems/ruby-2.5.1/gems/rake-12.3.2/lib/rake/task.rb:273
  [1m[35m (0.3ms)[0m  [1m[34mSELECT "schema_migrations"."version" FROM "schema_migrations" ORDER BY "schema_migrations"."version" ASC[0m
  ↳ /Users/flagpuppy/.rvm/gems/ruby-2.5.1/gems/rake-12.3.2/lib/rake/task.rb:273
  [1m[35m (0.2ms)[0m  [1m[35mBEGIN[0m
  [1m[35m (0.3ms)[0m  [1m[31mROLLBACK[0m
  [1m[35m (0.2ms)[0m  [1m[35mBEGIN[0m
  [1m[36mHouse Create (2.6ms)[0m  [1m[32mINSERT INTO "houses" ("address", "created_at", "updated_at") VALUES ($1, $2, $3) RETURNING "id"[0m  [["address", "123 Blood St"], ["created_at", "2019-04-05 22:31:18.349354"], ["updated_at", "2019-04-05 22:31:18.349354"]]
  [1m[35m (42.0ms)[0m  [1m[35mCOMMIT[0m
  [1m[36mHouse Load (1.5ms)[0m  [1m[34mSELECT "houses".* FROM "houses"[0m
  [1m[36mHouse Load (0.4ms)[0m  [1m[34mSELECT  "houses".* FROM "houses" WHERE "houses"."id" = $1 LIMIT $2[0m  [["id", 1], ["LIMIT", 1]]
  [1m[35m (0.2ms)[0m  [1m[35mBEGIN[0m
  [1m[36mPerson Create (1.8ms)[0m  [1m[32mINSERT INTO "people" ("name", "house_id", "created_at", "updated_at") VALUES ($1, $2, $3, $4) RETURNING "id"[0m  [["name", "Bo Jangles"], ["house_id", "1"], ["created_at", "2019-04-05 22:32:56.126707"], ["updated_at", "2019-04-05 22:32:56.126707"]]
  [1m[35m (0.4ms)[0m  [1m[35mCOMMIT[0m
  [1m[36mPerson Load (0.5ms)[0m  [1m[34mSELECT "people".* FROM "people"[0m
  [1m[36mPerson Load (41.0ms)[0m  [1m[34mSELECT "people".* FROM "people" WHERE "people"."house_id" = $1[0m  [["house_id", "1"]]
  [1m[36mHouse Load (0.4ms)[0m  [1m[34mSELECT  "houses".* FROM "houses" WHERE "houses"."id" = $1 LIMIT $2[0m  [["id", 1], ["LIMIT", 1]]
  [1m[35m (0.2ms)[0m  [1m[35mBEGIN[0m
  [1m[36mPerson Create (0.4ms)[0m  [1m[32mINSERT INTO "people" ("name", "house_id", "created_at", "updated_at") VALUES ($1, $2, $3, $4) RETURNING "id"[0m  [["name", "Hap Leonard"], ["house_id", "1"], ["created_at", "2019-04-05 22:35:21.467563"], ["updated_at", "2019-04-05 22:35:21.467563"]]
  [1m[35m (1.1ms)[0m  [1m[35mCOMMIT[0m
  [1m[35m (0.2ms)[0m  [1m[34mSELECT pg_try_advisory_lock(4203973537116612945)[0m
  ↳ /Users/flagpuppy/.rvm/gems/ruby-2.5.1/gems/rake-12.3.2/lib/rake/task.rb:273
  [1m[35m (41.9ms)[0m  [1m[34mSELECT "schema_migrations"."version" FROM "schema_migrations" ORDER BY "schema_migrations"."version" ASC[0m
  ↳ /Users/flagpuppy/.rvm/gems/ruby-2.5.1/gems/rake-12.3.2/lib/rake/task.rb:273
Migrating to UpdatePerson (20190405224018)
  [1m[35m (0.2ms)[0m  [1m[35mBEGIN[0m
  ↳ /Users/flagpuppy/.rvm/gems/ruby-2.5.1/gems/rake-12.3.2/lib/rake/task.rb:273
  [1m[35m (44.3ms)[0m  [1m[35mALTER TABLE "people" ALTER COLUMN "house_id" TYPE integer[0m
  ↳ db/migrate/20190405224018_update_person.rb:3
  [1m[35m (0.2ms)[0m  [1m[31mROLLBACK[0m
  ↳ /Users/flagpuppy/.rvm/gems/ruby-2.5.1/gems/rake-12.3.2/lib/rake/task.rb:273
  [1m[35m (0.3ms)[0m  [1m[34mSELECT pg_advisory_unlock(4203973537116612945)[0m
  ↳ /Users/flagpuppy/.rvm/gems/ruby-2.5.1/gems/rake-12.3.2/lib/rake/task.rb:273
  [1m[35m (0.6ms)[0m  [1m[34mSELECT pg_try_advisory_lock(4203973537116612945)[0m
  ↳ /Users/flagpuppy/.rvm/gems/ruby-2.5.1/gems/rake-12.3.2/lib/rake/task.rb:273
  [1m[35m (1.6ms)[0m  [1m[34mSELECT "schema_migrations"."version" FROM "schema_migrations" ORDER BY "schema_migrations"."version" ASC[0m
  ↳ /Users/flagpuppy/.rvm/gems/ruby-2.5.1/gems/rake-12.3.2/lib/rake/task.rb:273
Migrating to UpdatePerson (20190405224018)
  [1m[35m (6.6ms)[0m  [1m[35mBEGIN[0m
  ↳ /Users/flagpuppy/.rvm/gems/ruby-2.5.1/gems/rake-12.3.2/lib/rake/task.rb:273
  [1m[35m (72.0ms)[0m  [1m[35mALTER TABLE "people" ALTER COLUMN "house_id" TYPE USING house_id::integer[0m
  ↳ db/migrate/20190405224018_update_person.rb:3
  [1m[35m (0.2ms)[0m  [1m[31mROLLBACK[0m
  ↳ /Users/flagpuppy/.rvm/gems/ruby-2.5.1/gems/rake-12.3.2/lib/rake/task.rb:273
  [1m[35m (0.4ms)[0m  [1m[34mSELECT pg_advisory_unlock(4203973537116612945)[0m
  ↳ /Users/flagpuppy/.rvm/gems/ruby-2.5.1/gems/rake-12.3.2/lib/rake/task.rb:273
  [1m[35m (0.6ms)[0m  [1m[34mSELECT pg_try_advisory_lock(4203973537116612945)[0m
  ↳ /Users/flagpuppy/.rvm/gems/ruby-2.5.1/gems/rake-12.3.2/lib/rake/task.rb:273
  [1m[35m (1.9ms)[0m  [1m[34mSELECT "schema_migrations"."version" FROM "schema_migrations" ORDER BY "schema_migrations"."version" ASC[0m
  ↳ /Users/flagpuppy/.rvm/gems/ruby-2.5.1/gems/rake-12.3.2/lib/rake/task.rb:273
Migrating to UpdatePerson (20190405224018)
  [1m[35m (0.2ms)[0m  [1m[35mBEGIN[0m
  ↳ /Users/flagpuppy/.rvm/gems/ruby-2.5.1/gems/rake-12.3.2/lib/rake/task.rb:273
  [1m[35m (65.6ms)[0m  [1m[35mALTER TABLE "people" ALTER COLUMN "house_id" TYPE integer USING CAST(house_id AS integer)[0m
  ↳ db/migrate/20190405224018_update_person.rb:3
  [1m[36mActiveRecord::SchemaMigration Create (0.5ms)[0m  [1m[32mINSERT INTO "schema_migrations" ("version") VALUES ($1) RETURNING "version"[0m  [["version", "20190405224018"]]
  ↳ /Users/flagpuppy/.rvm/gems/ruby-2.5.1/gems/rake-12.3.2/lib/rake/task.rb:273
  [1m[35m (2.0ms)[0m  [1m[35mCOMMIT[0m
  ↳ /Users/flagpuppy/.rvm/gems/ruby-2.5.1/gems/rake-12.3.2/lib/rake/task.rb:273
  [1m[36mActiveRecord::InternalMetadata Load (0.6ms)[0m  [1m[34mSELECT  "ar_internal_metadata".* FROM "ar_internal_metadata" WHERE "ar_internal_metadata"."key" = $1 LIMIT $2[0m  [["key", "environment"], ["LIMIT", 1]]
  ↳ /Users/flagpuppy/.rvm/gems/ruby-2.5.1/gems/rake-12.3.2/lib/rake/task.rb:273
  [1m[35m (0.2ms)[0m  [1m[35mBEGIN[0m
  ↳ /Users/flagpuppy/.rvm/gems/ruby-2.5.1/gems/rake-12.3.2/lib/rake/task.rb:273
  [1m[35m (0.1ms)[0m  [1m[35mCOMMIT[0m
  ↳ /Users/flagpuppy/.rvm/gems/ruby-2.5.1/gems/rake-12.3.2/lib/rake/task.rb:273
  [1m[35m (0.3ms)[0m  [1m[34mSELECT pg_advisory_unlock(4203973537116612945)[0m
  ↳ /Users/flagpuppy/.rvm/gems/ruby-2.5.1/gems/rake-12.3.2/lib/rake/task.rb:273
  [1m[35m (0.3ms)[0m  [1m[34mSELECT "schema_migrations"."version" FROM "schema_migrations" ORDER BY "schema_migrations"."version" ASC[0m
  ↳ /Users/flagpuppy/.rvm/gems/ruby-2.5.1/gems/rake-12.3.2/lib/rake/task.rb:273
  [1m[36mPerson Load (0.9ms)[0m  [1m[34mSELECT "people".* FROM "people"[0m
  [1m[36mHouse Load (1.9ms)[0m  [1m[34mSELECT "houses".* FROM "houses"[0m
  [1m[36mHouse Load (0.4ms)[0m  [1m[34mSELECT  "houses".* FROM "houses" ORDER BY "houses"."id" ASC LIMIT $1[0m  [["LIMIT", 1]]
  [1m[36mPerson Load (0.2ms)[0m  [1m[34mSELECT "people".* FROM "people" WHERE "people"."house_id" = $1[0m  [["house_id", 1]]
  [1m[35m (0.2ms)[0m  [1m[35mBEGIN[0m
  [1m[36mHouse Create (0.7ms)[0m  [1m[32mINSERT INTO "houses" ("address", "created_at", "updated_at") VALUES ($1, $2, $3) RETURNING "id"[0m  [["address", "567 Jam Drive"], ["created_at", "2019-04-05 22:50:06.720615"], ["updated_at", "2019-04-05 22:50:06.720615"]]
  [1m[35m (1.3ms)[0m  [1m[35mCOMMIT[0m
  [1m[36mPerson Load (0.3ms)[0m  [1m[34mSELECT  "people".* FROM "people" ORDER BY "people"."id" ASC LIMIT $1[0m  [["LIMIT", 1]]
  [1m[36mHouse Load (0.3ms)[0m  [1m[34mSELECT  "houses".* FROM "houses" WHERE "houses"."id" = $1 LIMIT $2[0m  [["id", 2], ["LIMIT", 1]]
  [1m[35m (0.2ms)[0m  [1m[35mBEGIN[0m
  [1m[36mPerson Update (2.2ms)[0m  [1m[33mUPDATE "people" SET "house_id" = $1, "updated_at" = $2 WHERE "people"."id" = $3[0m  [["house_id", 2], ["updated_at", "2019-04-05 22:50:41.511944"], ["id", 1]]
  [1m[35m (0.4ms)[0m  [1m[35mCOMMIT[0m
  [1m[36mPerson Load (0.3ms)[0m  [1m[34mSELECT  "people".* FROM "people" ORDER BY "people"."id" DESC LIMIT $1[0m  [["LIMIT", 1]]
  [1m[36mHouse Load (0.3ms)[0m  [1m[34mSELECT  "houses".* FROM "houses" WHERE "houses"."id" = $1 LIMIT $2[0m  [["id", 1], ["LIMIT", 1]]
  [1m[36mHouse Load (0.4ms)[0m  [1m[34mSELECT "houses".* FROM "houses"[0m
  [1m[36mHouse Load (0.4ms)[0m  [1m[34mSELECT  "houses".* FROM "houses" ORDER BY "houses"."id" DESC LIMIT $1[0m  [["LIMIT", 1]]
  [1m[36mPerson Load (0.4ms)[0m  [1m[34mSELECT "people".* FROM "people" WHERE "people"."house_id" = $1[0m  [["house_id", 2]]
  [1m[36mHouse Load (0.4ms)[0m  [1m[34mSELECT  "houses".* FROM "houses" ORDER BY "houses"."id" ASC LIMIT $1[0m  [["LIMIT", 1]]
  [1m[36mPerson Load (0.3ms)[0m  [1m[34mSELECT "people".* FROM "people" WHERE "people"."house_id" = $1[0m  [["house_id", 1]]
